[2026-07-08T04:52:36.764Z] [verbose] Rendering was performed in a subtree hidden by content-visibility.
[2026-07-08T04:52:36.764Z] [verbose] Rendering was performed in a subtree hidden by content-visibility.
[2026-07-08T04:52:36.764Z] [verbose] Rendering was performed in a subtree hidden by content-visibility.
[2026-07-08T04:52:36.764Z] [verbose] Rendering was performed in a subtree hidden by content-visibility.
[2026-07-08T04:52:36.764Z] [verbose] Rendering was performed in a subtree hidden by content-visibility.
[2026-07-08T04:52:36.784Z] [error] Permissions policy violation: unload is not allowed in this document.
[2026-07-08T04:52:36.979Z] [verbose] Rendering was performed in a subtree hidden by content-visibility.
[2026-07-08T04:52:36.980Z] [verbose] Rendering was performed in a subtree hidden by content-visibility.
[2026-07-08T04:52:36.980Z] [verbose] Rendering was performed in a subtree hidden by content-visibility.
[2026-07-08T04:52:36.980Z] [verbose] Rendering was performed in a subtree hidden by content-visibility.
[2026-07-08T04:52:36.980Z] [verbose] Rendering was performed in a subtree hidden by content-visibility.
[2026-07-08T04:52:37.084Z] [error] Permissions policy violation: unload is not allowed in this document.
[2026-07-08T04:52:37.099Z] [error] Permissions policy violation: unload is not allowed in this document.
[2026-07-08T04:52:37.099Z] [error] Permissions policy violation: unload is not allowed in this document.
[2026-07-08T04:52:37.099Z] [error] Permissions policy violation: unload is not allowed in this document.
[2026-07-08T04:52:37.099Z] [error] Permissions policy violation: unload is not allowed in this document.
[2026-07-08T04:52:37.099Z] [error] Permissions policy violation: unload is not allowed in this document.
[2026-07-08T04:52:37.100Z] [error] Permissions policy violation: unload is not allowed in this document.
[2026-07-08T04:52:37.100Z] [error] Permissions policy violation: unload is not allowed in this document.
[2026-07-08T04:52:37.100Z] [error] Permissions policy violation: unload is not allowed in this document.
[2026-07-08T04:52:37.213Z] [error] Failed to load resource: the server responded with a status of 502 ()
[2026-07-08T04:53:28.471Z] [verbose] Rendering was performed in a subtree hidden by content-visibility.
[2026-07-08T04:53:28.471Z] [verbose] Rendering was performed in a subtree hidden by content-visibility.
[2026-07-08T04:53:28.472Z] [verbose] Rendering was performed in a subtree hidden by content-visibility.
[2026-07-08T04:53:28.472Z] [verbose] Rendering was performed in a subtree hidden by content-visibility.
[2026-07-08T04:53:28.472Z] [verbose] Rendering was performed in a subtree hidden by content-visibility.
[2026-07-08T04:53:28.584Z] [error] Permissions policy violation: unload is not allowed in this document.
[2026-07-08T04:53:28.601Z] [error] Permissions policy violation: unload is not allowed in this document.
[2026-07-08T04:53:28.601Z] [error] Permissions policy violation: unload is not allowed in this document.
[2026-07-08T04:53:28.601Z] [error] Permissions policy violation: unload is not allowed in this document.
[2026-07-08T04:53:28.601Z] [error] Permissions policy violation: unload is not allowed in this document.
[2026-07-08T04:53:28.601Z] [error] Permissions policy violation: unload is not allowed in this document.
[2026-07-08T04:53:28.601Z] [error] Permissions policy violation: unload is not allowed in this document.
[2026-07-08T04:53:28.601Z] [error] Permissions policy violation: unload is not allowed in this document.
[2026-07-08T04:53:28.601Z] [error] Permissions policy violation: unload is not allowed in this document.
[2026-07-08T04:53:55.687Z] [error] Failed to load resource: the server responded with a status of 429 ()
[2026-07-08T04:53:57.585Z] [warning] An iframe which has both allow-scripts and allow-same-origin for its sandbox attribute can escape its sandboxing.
[2026-07-08T04:53:58.622Z] [error] requestStorageAccess: Permission denied.
[2026-07-08T04:53:59.201Z] [warning] An iframe which has both allow-scripts and allow-same-origin for its sandbox attribute can escape its sandboxing.
[2026-07-08T04:54:18.565Z] [warning] useTranslation: DISMISS is not available
[2026-07-08T04:54:19.006Z] [error] Failed to load resource: the server responded with a status of 403 ()
[2026-07-08T04:54:48.827Z] [verbose] Rendering was performed in a subtree hidden by content-visibility.
[2026-07-08T04:54:48.827Z] [verbose] Rendering was performed in a subtree hidden by content-visibility.
[2026-07-08T04:54:48.827Z] [verbose] Rendering was performed in a subtree hidden by content-visibility.
[2026-07-08T04:54:48.827Z] [verbose] Rendering was performed in a subtree hidden by content-visibility.
[2026-07-08T04:54:48.827Z] [verbose] Rendering was performed in a subtree hidden by content-visibility.
[2026-07-08T04:55:07.287Z] [verbose] Rendering was performed in a subtree hidden by content-visibility.
[2026-07-08T04:55:07.287Z] [verbose] Rendering was performed in a subtree hidden by content-visibility.
[2026-07-08T04:55:07.287Z] [verbose] Rendering was performed in a subtree hidden by content-visibility.
[2026-07-08T04:55:07.287Z] [verbose] Rendering was performed in a subtree hidden by content-visibility.
[2026-07-08T04:55:07.287Z] [verbose] Rendering was performed in a subtree hidden by content-visibility.
[2026-07-08T04:55:07.536Z] [verbose] Rendering was performed in a subtree hidden by content-visibility.
[2026-07-08T04:55:07.536Z] [verbose] Rendering was performed in a subtree hidden by content-visibility.
[2026-07-08T04:55:07.536Z] [verbose] Rendering was performed in a subtree hidden by content-visibility.
[2026-07-08T04:55:07.536Z] [verbose] Rendering was performed in a subtree hidden by content-visibility.
[2026-07-08T04:55:07.536Z] [verbose] Rendering was performed in a subtree hidden by content-visibility.
[2026-07-08T04:55:17.063Z] [error] Failed to load resource: the server responded with a status of 403 ()
[2026-07-08T04:55:17.301Z] [debug] Error
[2026-07-08T04:55:40.177Z] [verbose] Rendering was performed in a subtree hidden by content-visibility.
[2026-07-08T04:55:40.178Z] [verbose] Rendering was performed in a subtree hidden by content-visibility.
[2026-07-08T04:55:40.178Z] [verbose] Rendering was performed in a subtree hidden by content-visibility.
[2026-07-08T04:55:40.178Z] [verbose] Rendering was performed in a subtree hidden by content-visibility.
[2026-07-08T04:55:40.178Z] [verbose] Rendering was performed in a subtree hidden by content-visibility.
[2026-07-08T04:55:40.427Z] [verbose] Rendering was performed in a subtree hidden by content-visibility.
[2026-07-08T04:55:40.428Z] [verbose] Rendering was performed in a subtree hidden by content-visibility.
[2026-07-08T04:55:40.428Z] [verbose] Rendering was performed in a subtree hidden by content-visibility.
[2026-07-08T04:55:40.428Z] [verbose] Rendering was performed in a subtree hidden by content-visibility.
[2026-07-08T04:55:40.428Z] [verbose] Rendering was performed in a subtree hidden by content-visibility.
[2026-07-08T04:56:03.043Z] [error] Failed to load resource: net::ERR_CONNECTION_CLOSED
[2026-07-08T04:56:04.034Z] [error] Failed to load resource: net::ERR_CONNECTION_CLOSED
[2026-07-08T04:56:04.039Z] [error] Failed to load resource: net::ERR_CONNECTION_CLOSED
[2026-07-08T04:56:05.218Z] [error] Failed to load resource: net::ERR_CONNECTION_CLOSED
[2026-07-08T04:56:05.284Z] [error] Failed to load resource: net::ERR_CONNECTION_CLOSED
[2026-07-08T04:56:06.054Z] [log] %craven%c Raven v1.20.0-69wxiu background-color:#000;margin-left:1px;padding:1px 3px;font-size:0.75em;color:#ffffff; font-size:0.9em;
[2026-07-08T04:56:06.176Z] [error] Failed to load resource: net::ERR_CONNECTION_CLOSED
[2026-07-08T04:56:06.177Z] [error] Failed to load resource: net::ERR_CONNECTION_CLOSED
[2026-07-08T04:56:06.178Z] [error] Failed to load resource: net::ERR_CONNECTION_CLOSED
[2026-07-08T04:56:07.105Z] [error] Failed to load resource: net::ERR_CONNECTION_CLOSED
[2026-07-08T04:56:09.071Z] [error] Failed to load resource: net::ERR_CONNECTION_CLOSED
[2026-07-08T04:56:09.180Z] [error] Failed to load resource: net::ERR_CONNECTION_CLOSED
[2026-07-08T04:56:09.180Z] [error] Failed to load resource: net::ERR_CONNECTION_CLOSED
[2026-07-08T04:56:09.180Z] [error] Failed to load resource: net::ERR_CONNECTION_CLOSED
[2026-07-08T04:56:09.183Z] [error] Failed to load resource: net::ERR_CONNECTION_CLOSED
[2026-07-08T04:56:09.185Z] [error] Failed to load resource: net::ERR_CONNECTION_CLOSED
[2026-07-08T04:56:09.186Z] [error] Failed to load resource: net::ERR_CONNECTION_CLOSED
[2026-07-08T04:56:10.003Z] [error] Failed to load resource: net::ERR_CONNECTION_CLOSED
[2026-07-08T04:56:10.003Z] [error] Failed to load resource: net::ERR_CONNECTION_CLOSED
[2026-07-08T04:56:10.013Z] [error] Failed to load resource: net::ERR_CONNECTION_CLOSED
[2026-07-08T04:56:10.013Z] [error] Failed to load resource: net::ERR_CONNECTION_CLOSED
[2026-07-08T04:56:10.057Z] [error] Failed to load resource: net::ERR_CONNECTION_CLOSED
[2026-07-08T04:56:10.057Z] [error] Failed to load resource: net::ERR_CONNECTION_CLOSED
[2026-07-08T04:56:10.279Z] [error] Failed to load resource: net::ERR_CONNECTION_CLOSED
[2026-07-08T04:56:10.284Z] [error] Failed to load resource: net::ERR_CONNECTION_CLOSED
[2026-07-08T04:56:11.018Z] [error] Failed to load resource: net::ERR_CONNECTION_CLOSED
[2026-07-08T04:56:11.181Z] [error] Failed to load resource: net::ERR_CONNECTION_CLOSED
[2026-07-08T04:56:11.196Z] [error] Failed to load resource: net::ERR_CONNECTION_CLOSED
[2026-07-08T04:56:11.499Z] [error] Failed to load resource: the server responded with a status of 400 ()
[2026-07-08T04:56:11.658Z] [error] Failed to load resource: net::ERR_CONNECTION_CLOSED
[2026-07-08T04:56:11.658Z] [error] Failed to load resource: net::ERR_CONNECTION_CLOSED
[2026-07-08T04:56:11.658Z] [error] Failed to load resource: net::ERR_CONNECTION_CLOSED
[2026-07-08T04:56:11.658Z] [error] Failed to load resource: net::ERR_CONNECTION_CLOSED
[2026-07-08T04:56:11.658Z] [error] Failed to load resource: net::ERR_CONNECTION_CLOSED
[2026-07-08T04:56:11.658Z] [error] Failed to load resource: net::ERR_CONNECTION_CLOSED
[2026-07-08T04:56:11.658Z] [error] Failed to load resource: net::ERR_CONNECTION_CLOSED
[2026-07-08T04:56:11.750Z] [error] Failed to load resource: the server responded with a status of 400 ()
[2026-07-08T04:56:11.991Z] [error] Failed to load resource: net::ERR_CONNECTION_CLOSED
[2026-07-08T04:56:12.022Z] [error] Failed to load resource: net::ERR_CONNECTION_CLOSED
[2026-07-08T04:56:12.026Z] [error] Failed to load resource: net::ERR_CONNECTION_CLOSED
[2026-07-08T04:56:12.031Z] [error] Failed to load resource: net::ERR_CONNECTION_CLOSED
[2026-07-08T04:56:12.036Z] [error] Failed to load resource: net::ERR_CONNECTION_CLOSED
[2026-07-08T04:56:12.041Z] [error] Failed to load resource: net::ERR_CONNECTION_CLOSED
[2026-07-08T04:56:12.058Z] [error] Failed to load resource: net::ERR_CONNECTION_CLOSED
[2026-07-08T04:56:12.058Z] [error] Failed to load resource: net::ERR_CONNECTION_CLOSED
[2026-07-08T04:56:12.062Z] [error] Failed to load resource: net::ERR_CONNECTION_CLOSED
[2026-07-08T04:56:12.062Z] [error] Failed to load resource: net::ERR_CONNECTION_CLOSED
[2026-07-08T04:56:12.072Z] [error] Failed to load resource: net::ERR_CONNECTION_CLOSED
[2026-07-08T04:56:12.074Z] [error] Failed to load resource: net::ERR_CONNECTION_CLOSED
[2026-07-08T04:56:12.081Z] [error] Failed to load resource: net::ERR_CONNECTION_CLOSED
[2026-07-08T04:56:12.087Z] [error] Failed to load resource: net::ERR_CONNECTION_CLOSED
[2026-07-08T04:56:12.092Z] [error] Failed to load resource: net::ERR_CONNECTION_CLOSED
[2026-07-08T04:56:12.513Z] [error] Failed to load resource: net::ERR_CONNECTION_CLOSED
[2026-07-08T04:56:12.527Z] [error] Failed to load resource: the server responded with a status of 404 ()
[2026-07-08T04:56:12.846Z] [error] Failed to load resource: net::ERR_CONNECTION_CLOSED
[2026-07-08T04:56:13.013Z] [error] Failed to load resource: net::ERR_CONNECTION_CLOSED
[2026-07-08T04:56:13.018Z] [error] Failed to load resource: net::ERR_CONNECTION_CLOSED
[2026-07-08T04:56:13.022Z] [error] Failed to load resource: net::ERR_CONNECTION_CLOSED
[2026-07-08T04:56:13.135Z] [error] Failed to load resource: net::ERR_CONNECTION_CLOSED
[2026-07-08T04:56:13.140Z] [error] Failed to load resource: net::ERR_CONNECTION_CLOSED
[2026-07-08T04:56:13.144Z] [error] Failed to load resource: net::ERR_CONNECTION_CLOSED
[2026-07-08T04:56:13.149Z] [error] Failed to load resource: net::ERR_CONNECTION_CLOSED
[2026-07-08T04:56:13.155Z] [error] Failed to load resource: net::ERR_CONNECTION_CLOSED
[2026-07-08T04:56:13.156Z] [error] Failed to load resource: net::ERR_CONNECTION_CLOSED
[2026-07-08T04:56:13.159Z] [error] Failed to load resource: net::ERR_CONNECTION_CLOSED
[2026-07-08T04:56:13.162Z] [error] Failed to load resource: net::ERR_CONNECTION_CLOSED
[2026-07-08T04:56:13.185Z] [error] Failed to load resource: net::ERR_CONNECTION_CLOSED
[2026-07-08T04:56:13.185Z] [error] Failed to load resource: net::ERR_CONNECTION_CLOSED
[2026-07-08T04:56:13.495Z] [error] Failed to load resource: net::ERR_CONNECTION_CLOSED
[2026-07-08T04:56:13.501Z] [error] Failed to load resource: net::ERR_CONNECTION_CLOSED
[2026-07-08T04:56:13.509Z] [error] Failed to load resource: net::ERR_CONNECTION_CLOSED
[2026-07-08T04:56:13.516Z] [error] Failed to load resource: net::ERR_CONNECTION_CLOSED
[2026-07-08T04:56:13.649Z] [error] Failed to load resource: net::ERR_CONNECTION_CLOSED
[2026-07-08T04:56:13.655Z] [error] Failed to load resource: net::ERR_CONNECTION_CLOSED
[2026-07-08T04:56:14.025Z] [error] Failed to load resource: net::ERR_CONNECTION_CLOSED
[2026-07-08T04:56:14.386Z] [error] Failed to load resource: net::ERR_CONNECTION_CLOSED
[2026-07-08T04:56:14.393Z] [error] Failed to load resource: net::ERR_CONNECTION_CLOSED
[2026-07-08T04:56:14.396Z] [error] Failed to load resource: net::ERR_CONNECTION_CLOSED
[2026-07-08T04:56:14.400Z] [error] Failed to load resource: net::ERR_CONNECTION_CLOSED
[2026-07-08T04:56:14.574Z] [error] Failed to load resource: the server responded with a status of 404 ()
[2026-07-08T04:56:14.923Z] [error] Failed to load resource: net::ERR_CONNECTION_CLOSED
[2026-07-08T04:56:14.940Z] [error] Failed to load resource: net::ERR_CONNECTION_CLOSED
[2026-07-08T04:56:14.945Z] [error] Failed to load resource: net::ERR_CONNECTION_CLOSED
[2026-07-08T04:56:14.956Z] [error] Failed to load resource: net::ERR_CONNECTION_CLOSED
[2026-07-08T04:56:15.041Z] [error] Failed to load resource: net::ERR_CONNECTION_CLOSED
[2026-07-08T04:56:15.045Z] [error] Failed to load resource: net::ERR_CONNECTION_CLOSED
[2026-07-08T04:56:15.051Z] [error] Failed to load resource: net::ERR_CONNECTION_CLOSED
[2026-07-08T04:56:15.610Z] [error] Failed to load resource: net::ERR_SOCKET_NOT_CONNECTED
[2026-07-08T04:56:15.650Z] [error] Failed to load resource: net::ERR_CONNECTION_CLOSED
[2026-07-08T04:56:15.664Z] [error] Failed to load resource: net::ERR_CONNECTION_CLOSED
[2026-07-08T04:56:15.664Z] [error] Failed to load resource: net::ERR_CONNECTION_CLOSED
[2026-07-08T04:56:15.841Z] [error] Failed to load resource: net::ERR_CONNECTION_CLOSED
[2026-07-08T04:56:16.678Z] [error] Failed to load resource: net::ERR_SOCKET_NOT_CONNECTED
[2026-07-08T04:56:16.678Z] [error] Failed to load resource: net::ERR_SOCKET_NOT_CONNECTED
[2026-07-08T04:56:17.108Z] [error] Failed to load resource: net::ERR_CONNECTION_CLOSED
[2026-07-08T04:56:17.157Z] [error] Failed to load resource: net::ERR_CONNECTION_CLOSED
[2026-07-08T04:56:17.157Z] [error] Failed to load resource: net::ERR_CONNECTION_CLOSED
[2026-07-08T04:56:17.167Z] [error] Failed to load resource: net::ERR_CONNECTION_CLOSED
[2026-07-08T04:56:17.167Z] [error] Failed to load resource: net::ERR_CONNECTION_CLOSED
[2026-07-08T04:56:17.174Z] [error] Failed to load resource: net::ERR_CONNECTION_CLOSED
[2026-07-08T04:56:17.179Z] [error] Failed to load resource: net::ERR_CONNECTION_CLOSED
[2026-07-08T04:56:17.334Z] [error] Failed to load resource: net::ERR_CONNECTION_CLOSED
[2026-07-08T04:56:17.334Z] [error] Failed to load resource: net::ERR_CONNECTION_CLOSED
[2026-07-08T04:56:17.334Z] [error] Failed to load resource: net::ERR_CONNECTION_CLOSED
[2026-07-08T04:56:17.847Z] [error] Failed to load resource: net::ERR_CONNECTION_CLOSED
[2026-07-08T04:56:17.852Z] [error] Failed to load resource: net::ERR_CONNECTION_CLOSED
[2026-07-08T04:56:17.959Z] [error] Failed to load resource: net::ERR_CONNECTION_CLOSED
[2026-07-08T04:56:17.964Z] [error] Failed to load resource: net::ERR_CONNECTION_CLOSED
[2026-07-08T04:56:18.062Z] [error] Failed to load resource: net::ERR_CONNECTION_CLOSED
[2026-07-08T04:56:18.614Z] [error] Failed to load resource: net::ERR_CONNECTION_CLOSED
[2026-07-08T04:56:18.620Z] [error] Failed to load resource: net::ERR_CONNECTION_CLOSED
[2026-07-08T04:56:18.626Z] [error] Failed to load resource: net::ERR_CONNECTION_CLOSED
[2026-07-08T04:56:18.632Z] [error] Failed to load resource: net::ERR_CONNECTION_CLOSED
[2026-07-08T04:56:18.638Z] [error] Failed to load resource: net::ERR_CONNECTION_CLOSED
[2026-07-08T04:56:18.643Z] [error] Failed to load resource: net::ERR_CONNECTION_CLOSED
[2026-07-08T04:56:18.648Z] [error] Failed to load resource: net::ERR_CONNECTION_CLOSED
[2026-07-08T04:56:18.654Z] [error] Failed to load resource: net::ERR_CONNECTION_CLOSED
[2026-07-08T04:56:18.659Z] [error] Failed to load resource: net::ERR_CONNECTION_CLOSED
[2026-07-08T04:56:18.664Z] [error] Failed to load resource: net::ERR_CONNECTION_CLOSED
[2026-07-08T04:56:18.668Z] [error] Failed to load resource: net::ERR_CONNECTION_CLOSED
[2026-07-08T04:56:18.672Z] [error] Failed to load resource: net::ERR_CONNECTION_CLOSED
[2026-07-08T04:56:18.676Z] [error] Failed to load resource: net::ERR_CONNECTION_CLOSED
[2026-07-08T04:56:18.680Z] [error] Failed to load resource: net::ERR_CONNECTION_CLOSED
[2026-07-08T04:56:18.684Z] [error] Failed to load resource: net::ERR_CONNECTION_CLOSED
[2026-07-08T04:56:18.690Z] [error] Failed to load resource: net::ERR_CONNECTION_CLOSED
[2026-07-08T04:56:18.694Z] [error] Failed to load resource: net::ERR_CONNECTION_CLOSED
[2026-07-08T04:56:18.697Z] [error] Failed to load resource: net::ERR_CONNECTION_CLOSED
[2026-07-08T04:56:18.701Z] [error] Failed to load resource: net::ERR_CONNECTION_CLOSED
[2026-07-08T04:56:18.790Z] [error] Failed to load resource: net::ERR_CONNECTION_CLOSED
[2026-07-08T04:56:18.792Z] [error] Failed to load resource: net::ERR_CONNECTION_CLOSED
[2026-07-08T04:56:18.800Z] [error] Failed to load resource: net::ERR_CONNECTION_CLOSED
[2026-07-08T04:56:18.812Z] [error] Failed to load resource: net::ERR_CONNECTION_CLOSED
[2026-07-08T04:56:18.821Z] [error] Failed to load resource: net::ERR_CONNECTION_CLOSED
[2026-07-08T04:56:18.825Z] [error] Failed to load resource: net::ERR_CONNECTION_CLOSED
[2026-07-08T04:56:18.829Z] [error] Failed to load resource: net::ERR_CONNECTION_CLOSED
[2026-07-08T04:56:19.051Z] [error] Failed to load resource: net::ERR_HTTP2_SERVER_REFUSED_STREAM
[2026-07-08T04:56:19.051Z] [error] Failed to load resource: net::ERR_HTTP2_SERVER_REFUSED_STREAM
[2026-07-08T04:56:19.071Z] [error] Failed to load resource: net::ERR_CONNECTION_CLOSED
[2026-07-08T04:56:19.079Z] [error] Failed to load resource: net::ERR_CONNECTION_CLOSED
[2026-07-08T04:56:19.087Z] [error] Failed to load resource: net::ERR_CONNECTION_CLOSED
[2026-07-08T04:56:19.087Z] [error] Failed to load resource: net::ERR_CONNECTION_CLOSED
[2026-07-08T04:56:19.096Z] [error] Failed to load resource: net::ERR_CONNECTION_CLOSED
[2026-07-08T04:56:19.097Z] [error] Failed to load resource: net::ERR_CONNECTION_CLOSED
[2026-07-08T04:56:19.295Z] [error] Failed to load resource: net::ERR_CONNECTION_CLOSED
[2026-07-08T04:56:19.709Z] [error] Failed to load resource: net::ERR_CONNECTION_CLOSED
[2026-07-08T04:56:19.714Z] [error] Failed to load resource: net::ERR_CONNECTION_CLOSED
[2026-07-08T04:56:19.718Z] [error] Failed to load resource: net::ERR_CONNECTION_CLOSED
[2026-07-08T04:56:19.722Z] [error] Failed to load resource: net::ERR_CONNECTION_CLOSED
[2026-07-08T04:56:19.727Z] [error] Failed to load resource: net::ERR_CONNECTION_CLOSED
[2026-07-08T04:56:20.140Z] [error] Failed to load resource: net::ERR_CONNECTION_CLOSED
[2026-07-08T04:56:20.237Z] [error] Failed to load resource: net::ERR_CONNECTION_CLOSED
[2026-07-08T04:56:20.237Z] [error] Failed to load resource: net::ERR_CONNECTION_CLOSED
[2026-07-08T04:56:20.237Z] [error] Failed to load resource: net::ERR_CONNECTION_CLOSED
[2026-07-08T04:56:20.260Z] [error] Failed to load resource: net::ERR_CONNECTION_CLOSED
[2026-07-08T04:56:20.260Z] [error] Failed to load resource: net::ERR_CONNECTION_CLOSED
[2026-07-08T04:56:20.260Z] [error] Failed to load resource: net::ERR_CONNECTION_CLOSED
[2026-07-08T04:56:20.356Z] [error] Failed to load resource: net::ERR_CONNECTION_CLOSED
[2026-07-08T04:56:20.376Z] [error] Failed to load resource: net::ERR_CONNECTION_CLOSED
[2026-07-08T04:56:20.382Z] [error] Failed to load resource: net::ERR_CONNECTION_CLOSED
[2026-07-08T04:56:20.387Z] [error] Failed to load resource: net::ERR_CONNECTION_CLOSED
[2026-07-08T04:56:20.393Z] [error] Failed to load resource: net::ERR_CONNECTION_CLOSED
[2026-07-08T04:56:20.397Z] [error] Failed to load resource: net::ERR_CONNECTION_CLOSED
[2026-07-08T04:56:20.404Z] [error] Failed to load resource: net::ERR_CONNECTION_CLOSED
[2026-07-08T04:56:20.405Z] [error] Failed to load resource: the server responded with a status of 404 ()
[2026-07-08T04:56:20.412Z] [error] Failed to load resource: net::ERR_CONNECTION_CLOSED
[2026-07-08T04:56:20.413Z] [error] Failed to load resource: net::ERR_CONNECTION_CLOSED
[2026-07-08T04:56:20.418Z] [error] Failed to load resource: net::ERR_CONNECTION_CLOSED
[2026-07-08T04:56:20.422Z] [error] Failed to load resource: net::ERR_CONNECTION_CLOSED
[2026-07-08T04:56:20.427Z] [error] Failed to load resource: net::ERR_CONNECTION_CLOSED
[2026-07-08T04:56:20.432Z] [error] Failed to load resource: net::ERR_CONNECTION_CLOSED
[2026-07-08T04:56:20.706Z] [error] Failed to load resource: the server responded with a status of 400 ()
[2026-07-08T04:56:20.832Z] [error] Failed to load resource: net::ERR_CONNECTION_CLOSED
[2026-07-08T04:56:20.956Z] [error] Failed to load resource: the server responded with a status of 400 ()
[2026-07-08T04:56:20.998Z] [error] Failed to load resource: net::ERR_CONNECTION_CLOSED
[2026-07-08T04:56:21.005Z] [error] Failed to load resource: net::ERR_CONNECTION_CLOSED
[2026-07-08T04:56:21.028Z] [error] Failed to load resource: net::ERR_CONNECTION_CLOSED
[2026-07-08T04:56:21.041Z] [error] Failed to load resource: net::ERR_CONNECTION_CLOSED
[2026-07-08T04:56:21.054Z] [error] Failed to load resource: net::ERR_CONNECTION_CLOSED
[2026-07-08T04:56:21.063Z] [error] Failed to load resource: net::ERR_CONNECTION_CLOSED
[2026-07-08T04:56:21.063Z] [error] Failed to load resource: net::ERR_CONNECTION_CLOSED
[2026-07-08T04:56:21.086Z] [error] Failed to load resource: net::ERR_CONNECTION_CLOSED
[2026-07-08T04:56:21.086Z] [error] Failed to load resource: net::ERR_CONNECTION_CLOSED
[2026-07-08T04:56:21.101Z] [error] Failed to load resource: net::ERR_CONNECTION_CLOSED
[2026-07-08T04:56:21.121Z] [error] Failed to load resource: net::ERR_CONNECTION_CLOSED
[2026-07-08T04:56:21.121Z] [error] Failed to load resource: net::ERR_CONNECTION_CLOSED
[2026-07-08T04:56:21.129Z] [error] Failed to load resource: net::ERR_CONNECTION_CLOSED
[2026-07-08T04:56:21.133Z] [error] Failed to load resource: net::ERR_CONNECTION_CLOSED
[2026-07-08T04:56:21.142Z] [error] Failed to load resource: net::ERR_CONNECTION_CLOSED
[2026-07-08T04:56:21.144Z] [error] Failed to load resource: net::ERR_CONNECTION_CLOSED
[2026-07-08T04:56:21.149Z] [error] Failed to load resource: the server responded with a status of 404 ()
[2026-07-08T04:56:21.159Z] [error] Failed to load resource: net::ERR_CONNECTION_CLOSED
[2026-07-08T04:56:21.166Z] [error] Failed to load resource: net::ERR_CONNECTION_CLOSED
[2026-07-08T04:56:21.166Z] [error] Failed to load resource: net::ERR_CONNECTION_CLOSED
[2026-07-08T04:56:21.174Z] [error] Failed to load resource: net::ERR_CONNECTION_CLOSED
[2026-07-08T04:56:21.178Z] [error] Failed to load resource: net::ERR_CONNECTION_CLOSED
[2026-07-08T04:56:21.205Z] [error] Failed to load resource: the server responded with a status of 400 ()
[2026-07-08T04:56:21.308Z] [error] Failed to load resource: net::ERR_SOCKET_NOT_CONNECTED
[2026-07-08T04:56:21.319Z] [error] Failed to load resource: net::ERR_CONNECTION_CLOSED
[2026-07-08T04:56:21.453Z] [error] Failed to load resource: the server responded with a status of 400 ()
[2026-07-08T04:56:21.482Z] [error] Failed to load resource: net::ERR_CONNECTION_CLOSED
[2026-07-08T04:56:21.493Z] [error] Failed to load resource: net::ERR_CONNECTION_CLOSED
[2026-07-08T04:56:21.500Z] [error] Failed to load resource: net::ERR_CONNECTION_CLOSED
[2026-07-08T04:56:21.995Z] [error] Failed to load resource: net::ERR_CONNECTION_CLOSED
[2026-07-08T04:56:22.011Z] [error] Failed to load resource: net::ERR_CONNECTION_CLOSED
[2026-07-08T04:56:22.023Z] [error] Failed to load resource: net::ERR_CONNECTION_CLOSED
[2026-07-08T04:56:22.024Z] [error] Failed to load resource: net::ERR_CONNECTION_CLOSED
[2026-07-08T04:56:22.066Z] [error] Failed to load resource: net::ERR_CONNECTION_CLOSED
[2026-07-08T04:56:22.066Z] [error] Failed to load resource: net::ERR_CONNECTION_CLOSED
[2026-07-08T04:56:22.119Z] [error] Failed to load resource: net::ERR_CONNECTION_CLOSED
[2026-07-08T04:56:22.136Z] [error] Failed to load resource: net::ERR_CONNECTION_CLOSED
[2026-07-08T04:56:22.206Z] [error] Failed to load resource: net::ERR_CONNECTION_CLOSED
[2026-07-08T04:56:22.475Z] [error] Failed to load resource: net::ERR_CONNECTION_CLOSED
[2026-07-08T04:56:22.487Z] [error] Failed to load resource: net::ERR_CONNECTION_CLOSED
[2026-07-08T04:56:22.499Z] [error] Failed to load resource: net::ERR_CONNECTION_CLOSED
[2026-07-08T04:56:22.516Z] [error] Failed to load resource: net::ERR_CONNECTION_CLOSED
[2026-07-08T04:56:22.523Z] [error] Failed to load resource: net::ERR_CONNECTION_CLOSED
[2026-07-08T04:56:22.793Z] [error] Failed to load resource: net::ERR_CONNECTION_CLOSED
[2026-07-08T04:56:22.974Z] [error] Failed to load resource: net::ERR_CONNECTION_CLOSED
[2026-07-08T04:56:23.305Z] [error] Failed to load resource: net::ERR_CONNECTION_CLOSED
[2026-07-08T04:56:23.511Z] [error] Failed to load resource: net::ERR_CONNECTION_CLOSED
[2026-07-08T04:56:23.653Z] [error] Failed to load resource: the server responded with a status of 404 ()
[2026-07-08T04:56:23.903Z] [error] Failed to load resource: net::ERR_CONNECTION_CLOSED
[2026-07-08T04:56:23.985Z] [error] Failed to load resource: the server responded with a status of 404 ()
[2026-07-08T04:56:24.263Z] [error] Failed to load resource: net::ERR_CONNECTION_CLOSED
[2026-07-08T04:56:24.688Z] [error] Failed to load resource: net::ERR_CONNECTION_CLOSED
[2026-07-08T04:56:24.693Z] [error] Failed to load resource: net::ERR_CONNECTION_CLOSED
[2026-07-08T04:56:25.120Z] [error] Failed to load resource: the server responded with a status of 400 (Bad Request)
[2026-07-08T04:56:26.013Z] [error] Failed to load resource: net::ERR_CONNECTION_CLOSED
[2026-07-08T04:56:26.028Z] [error] Failed to load resource: net::ERR_CONNECTION_CLOSED
[2026-07-08T04:56:26.034Z] [error] Failed to load resource: net::ERR_CONNECTION_CLOSED
[2026-07-08T04:56:26.647Z] [error] Failed to load resource: net::ERR_CONNECTION_CLOSED
[2026-07-08T04:56:26.728Z] [log] %craven%c Raven v1.20.0-69wxiu background-color:#000;margin-left:1px;padding:1px 3px;font-size:0.75em;color:#ffffff; font-size:0.9em;
[2026-07-08T04:56:26.863Z] [error] Failed to load resource: net::ERR_CONNECTION_CLOSED
[2026-07-08T04:56:26.923Z] [error] Failed to load resource: net::ERR_CONNECTION_CLOSED
[2026-07-08T04:56:26.932Z] [error] Failed to load resource: net::ERR_CONNECTION_CLOSED
[2026-07-08T04:56:26.941Z] [error] Failed to load resource: net::ERR_CONNECTION_CLOSED
[2026-07-08T04:56:27.760Z] [error] Failed to load resource: net::ERR_CONNECTION_CLOSED
[2026-07-08T04:56:27.761Z] [error] Failed to load resource: net::ERR_CONNECTION_CLOSED
[2026-07-08T04:56:27.765Z] [error] Failed to load resource: net::ERR_CONNECTION_CLOSED
[2026-07-08T04:56:29.678Z] [error] Failed to load resource: net::ERR_CONNECTION_CLOSED
[2026-07-08T04:56:29.678Z] [error] Failed to load resource: net::ERR_CONNECTION_CLOSED
[2026-07-08T04:56:29.689Z] [error] Failed to load resource: net::ERR_CONNECTION_CLOSED
[2026-07-08T04:56:29.696Z] [error] Failed to load resource: net::ERR_CONNECTION_CLOSED
[2026-07-08T04:56:30.740Z] [error] Failed to load resource: net::ERR_CONNECTION_CLOSED
[2026-07-08T04:56:31.723Z] [error] Failed to load resource: net::ERR_CONNECTION_CLOSED
[2026-07-08T04:56:32.192Z] [error] Failed to load resource: net::ERR_CONNECTION_CLOSED
[2026-07-08T04:56:32.209Z] [error] Failed to load resource: net::ERR_CONNECTION_CLOSED
[2026-07-08T04:56:32.209Z] [error] Failed to load resource: net::ERR_CONNECTION_CLOSED
[2026-07-08T04:56:32.588Z] [error] Failed to load resource: net::ERR_CONNECTION_CLOSED
[2026-07-08T04:56:32.853Z] [error] Failed to load resource: net::ERR_SOCKET_NOT_CONNECTED
[2026-07-08T04:56:32.853Z] [error] Failed to load resource: net::ERR_SOCKET_NOT_CONNECTED
[2026-07-08T04:56:32.856Z] [error] Failed to load resource: net::ERR_SOCKET_NOT_CONNECTED
[2026-07-08T04:56:32.856Z] [error] Failed to load resource: net::ERR_CONNECTION_CLOSED
[2026-07-08T04:56:32.856Z] [error] Failed to load resource: net::ERR_CONNECTION_CLOSED
[2026-07-08T04:56:32.856Z] [error] Failed to load resource: net::ERR_CONNECTION_CLOSED
[2026-07-08T04:56:32.856Z] [error] Failed to load resource: net::ERR_CONNECTION_CLOSED
[2026-07-08T04:56:33.740Z] [error] Failed to load resource: the server responded with a status of 400 ()
[2026-07-08T04:56:33.863Z] [error] Failed to load resource: net::ERR_CONNECTION_CLOSED
[2026-07-08T04:56:33.863Z] [error] Failed to load resource: net::ERR_CONNECTION_CLOSED
[2026-07-08T04:56:33.863Z] [error] Failed to load resource: net::ERR_CONNECTION_CLOSED
[2026-07-08T04:56:33.863Z] [error] Failed to load resource: net::ERR_CONNECTION_CLOSED
[2026-07-08T04:56:33.863Z] [error] Failed to load resource: net::ERR_CONNECTION_CLOSED
[2026-07-08T04:56:33.863Z] [error] Failed to load resource: net::ERR_CONNECTION_CLOSED
[2026-07-08T04:56:33.868Z] [error] Failed to load resource: net::ERR_CONNECTION_CLOSED
[2026-07-08T04:56:33.872Z] [error] Failed to load resource: net::ERR_CONNECTION_CLOSED
[2026-07-08T04:56:33.950Z] [error] Failed to load resource: net::ERR_CONNECTION_CLOSED
[2026-07-08T04:56:34.030Z] [error] Failed to load resource: net::ERR_CONNECTION_CLOSED
[2026-07-08T04:56:34.033Z] [error] Failed to load resource: net::ERR_SOCKET_NOT_CONNECTED
[2026-07-08T04:56:34.066Z] [error] Failed to load resource: net::ERR_CONNECTION_CLOSED
[2026-07-08T04:56:34.066Z] [error] Failed to load resource: net::ERR_CONNECTION_CLOSED
[2026-07-08T04:56:34.070Z] [error] Failed to load resource: net::ERR_CONNECTION_CLOSED
[2026-07-08T04:56:34.696Z] [error] Failed to load resource: net::ERR_CONNECTION_CLOSED
[2026-07-08T04:56:34.715Z] [error] Failed to load resource: net::ERR_CONNECTION_CLOSED
[2026-07-08T04:56:35.021Z] [error] Failed to load resource: the server responded with a status of 404 ()
[2026-07-08T04:56:35.578Z] [error] Failed to load resource: net::ERR_CONNECTION_CLOSED
[2026-07-08T04:56:35.600Z] [error] Failed to load resource: net::ERR_CONNECTION_CLOSED
[2026-07-08T04:56:35.600Z] [error] Failed to load resource: net::ERR_CONNECTION_CLOSED
[2026-07-08T04:56:35.606Z] [error] Failed to load resource: net::ERR_CONNECTION_CLOSED
[2026-07-08T04:56:35.609Z] [error] Failed to load resource: net::ERR_CONNECTION_CLOSED
[2026-07-08T04:56:35.646Z] [error] Failed to load resource: net::ERR_CONNECTION_CLOSED
[2026-07-08T04:56:36.344Z] [error] Failed to load resource: net::ERR_CONNECTION_CLOSED
[2026-07-08T04:56:36.344Z] [error] Failed to load resource: net::ERR_CONNECTION_CLOSED
[2026-07-08T04:56:36.350Z] [error] Failed to load resource: net::ERR_CONNECTION_CLOSED
[2026-07-08T04:56:36.351Z] [error] Failed to load resource: net::ERR_CONNECTION_CLOSED
[2026-07-08T04:56:36.488Z] [error] Failed to load resource: net::ERR_CONNECTION_CLOSED
[2026-07-08T04:56:48.550Z] [error] Failed to load resource: net::ERR_CONNECTION_CLOSED
[2026-07-08T04:56:48.830Z] [error] Failed to load resource: net::ERR_CONNECTION_CLOSED
[2026-07-08T04:56:48.835Z] [log] %craven%c Raven v1.20.0-69wxiu background-color:#000;margin-left:1px;padding:1px 3px;font-size:0.75em;color:#ffffff; font-size:0.9em;
[2026-07-08T04:56:48.835Z] [error] Failed to load resource: net::ERR_CONNECTION_CLOSED
[2026-07-08T04:56:48.841Z] [error] Failed to load resource: net::ERR_CONNECTION_CLOSED
[2026-07-08T04:56:48.845Z] [error] Failed to load resource: net::ERR_CONNECTION_CLOSED
[2026-07-08T04:56:49.645Z] [error] Failed to load resource: net::ERR_CONNECTION_CLOSED
[2026-07-08T04:56:49.651Z] [error] Failed to load resource: net::ERR_CONNECTION_CLOSED
[2026-07-08T04:56:49.652Z] [error] Failed to load resource: net::ERR_CONNECTION_CLOSED
[2026-07-08T04:56:50.565Z] [error] Failed to load resource: net::ERR_CONNECTION_CLOSED
[2026-07-08T04:56:51.530Z] [error] Failed to load resource: net::ERR_CONNECTION_CLOSED
[2026-07-08T04:56:51.554Z] [error] Failed to load resource: net::ERR_CONNECTION_CLOSED
[2026-07-08T04:56:51.554Z] [error] Failed to load resource: net::ERR_CONNECTION_CLOSED
[2026-07-08T04:56:51.554Z] [error] Failed to load resource: net::ERR_CONNECTION_CLOSED
[2026-07-08T04:56:51.570Z] [error] Failed to load resource: net::ERR_CONNECTION_CLOSED
[2026-07-08T04:56:51.906Z] [error] Failed to load resource: net::ERR_CONNECTION_CLOSED
[2026-07-08T04:56:51.970Z] [log] %craven%c Raven v1.20.0-69wxiu background-color:#000;margin-left:1px;padding:1px 3px;font-size:0.75em;color:#ffffff; font-size:0.9em;
[2026-07-08T04:56:51.970Z] [error] Failed to load resource: net::ERR_CONNECTION_CLOSED
[2026-07-08T04:56:52.108Z] [error] Failed to load resource: net::ERR_CONNECTION_CLOSED
[2026-07-08T04:56:52.118Z] [error] Failed to load resource: net::ERR_CONNECTION_CLOSED
[2026-07-08T04:56:52.132Z] [error] Failed to load resource: net::ERR_CONNECTION_CLOSED
[2026-07-08T04:56:52.910Z] [error] Failed to load resource: net::ERR_CONNECTION_CLOSED
[2026-07-08T04:56:52.910Z] [error] Failed to load resource: net::ERR_CONNECTION_CLOSED
[2026-07-08T04:56:52.911Z] [error] Failed to load resource: net::ERR_CONNECTION_CLOSED
[2026-07-08T04:56:54.815Z] [error] Failed to load resource: net::ERR_CONNECTION_CLOSED
[2026-07-08T04:56:55.650Z] [error] Failed to load resource: net::ERR_CONNECTION_CLOSED
[2026-07-08T04:56:55.662Z] [error] Failed to load resource: net::ERR_CONNECTION_CLOSED
[2026-07-08T04:56:55.662Z] [error] Failed to load resource: net::ERR_CONNECTION_CLOSED
[2026-07-08T04:56:55.662Z] [error] Failed to load resource: net::ERR_CONNECTION_CLOSED
[2026-07-08T04:56:55.670Z] [error] Failed to load resource: net::ERR_CONNECTION_CLOSED
[2026-07-08T04:56:55.894Z] [error] Failed to load resource: net::ERR_CONNECTION_CLOSED
[2026-07-08T04:56:56.449Z] [error] Failed to load resource: net::ERR_CONNECTION_CLOSED
[2026-07-08T04:56:57.232Z] [warning] An iframe which has both allow-scripts and allow-same-origin for its sandbox attribute can escape its sandboxing.
[2026-07-08T04:56:57.258Z] [error] Failed to load resource: net::ERR_CONNECTION_CLOSED
[2026-07-08T04:56:58.185Z] [error] Failed to load resource: net::ERR_CONNECTION_CLOSED
[2026-07-08T04:56:58.185Z] [error] Failed to load resource: net::ERR_CONNECTION_CLOSED
[2026-07-08T04:56:58.192Z] [error] Failed to load resource: net::ERR_CONNECTION_CLOSED
[2026-07-08T04:56:58.192Z] [error] Failed to load resource: net::ERR_CONNECTION_CLOSED
[2026-07-08T04:56:58.441Z] [error] Failed to load resource: net::ERR_CONNECTION_CLOSED
[2026-07-08T04:56:58.441Z] [error] Failed to load resource: net::ERR_CONNECTION_CLOSED
[2026-07-08T04:56:58.441Z] [error] Failed to load resource: net::ERR_CONNECTION_CLOSED
[2026-07-08T04:56:58.453Z] [error] Failed to load resource: net::ERR_CONNECTION_CLOSED
[2026-07-08T04:56:58.457Z] [error] Failed to load resource: net::ERR_CONNECTION_CLOSED
[2026-07-08T04:56:58.460Z] [error] Failed to load resource: net::ERR_CONNECTION_CLOSED
[2026-07-08T04:56:58.460Z] [error] Failed to load resource: net::ERR_CONNECTION_CLOSED
[2026-07-08T04:56:59.032Z] [error] Failed to load resource: net::ERR_CONNECTION_CLOSED
[2026-07-08T04:56:59.116Z] [error] Failed to load resource: the server responded with a status of 400 ()
[2026-07-08T04:56:59.296Z] [error] Failed to load resource: net::ERR_CONNECTION_CLOSED
[2026-07-08T04:56:59.419Z] [error] Failed to load resource: net::ERR_CONNECTION_CLOSED
[2026-07-08T04:56:59.419Z] [error] Failed to load resource: net::ERR_CONNECTION_CLOSED
[2026-07-08T04:56:59.419Z] [error] Failed to load resource: net::ERR_CONNECTION_CLOSED
[2026-07-08T04:56:59.425Z] [error] Failed to load resource: net::ERR_CONNECTION_CLOSED
[2026-07-08T04:57:00.027Z] [error] Failed to load resource: net::ERR_CONNECTION_CLOSED
[2026-07-08T04:57:00.873Z] [error] Failed to load resource: net::ERR_CONNECTION_CLOSED
[2026-07-08T04:57:00.885Z] [error] Failed to load resource: net::ERR_CONNECTION_CLOSED
[2026-07-08T04:57:00.885Z] [error] Failed to load resource: net::ERR_CONNECTION_CLOSED
[2026-07-08T04:57:00.885Z] [error] Failed to load resource: net::ERR_CONNECTION_CLOSED
[2026-07-08T04:57:00.887Z] [error] Failed to load resource: net::ERR_CONNECTION_CLOSED
[2026-07-08T04:57:00.960Z] [error] Failed to load resource: net::ERR_CONNECTION_CLOSED
[2026-07-08T04:57:01.222Z] [error] Failed to load resource: the server responded with a status of 404 ()
[2026-07-08T04:57:01.904Z] [error] Failed to load resource: net::ERR_CONNECTION_CLOSED
[2026-07-08T04:57:02.150Z] [error] Failed to load resource: net::ERR_CONNECTION_CLOSED
[2026-07-08T04:57:03.461Z] [error] Failed to load resource: net::ERR_CONNECTION_CLOSED
[2026-07-08T04:57:09.213Z] [error] Failed to load resource: the server responded with a status of 404 ()
[2026-07-08T04:57:09.241Z] [error] Failed to load resource: net::ERR_CONNECTION_CLOSED
[2026-07-08T04:57:45.894Z] [error] Failed to load resource: net::ERR_CONNECTION_CLOSED
[2026-07-08T04:57:46.007Z] [error] Failed to load resource: net::ERR_CONNECTION_CLOSED
[2026-07-08T04:57:46.023Z] [error] Failed to load resource: net::ERR_CONNECTION_CLOSED
[2026-07-08T04:57:46.029Z] [log] %craven%c Raven v1.20.0-69wxiu background-color:#000;margin-left:1px;padding:1px 3px;font-size:0.75em;color:#ffffff; font-size:0.9em;
[2026-07-08T04:57:46.030Z] [error] Failed to load resource: net::ERR_CONNECTION_CLOSED
[2026-07-08T04:57:46.030Z] [error] Failed to load resource: net::ERR_CONNECTION_CLOSED
[2026-07-08T04:57:46.813Z] [error] Failed to load resource: net::ERR_CONNECTION_CLOSED
[2026-07-08T04:57:46.814Z] [error] Failed to load resource: net::ERR_CONNECTION_CLOSED
[2026-07-08T04:57:46.816Z] [error] Failed to load resource: net::ERR_CONNECTION_CLOSED
[2026-07-08T04:57:48.517Z] [error] Failed to load resource: net::ERR_CONNECTION_CLOSED
[2026-07-08T04:57:48.522Z] [error] Failed to load resource: net::ERR_CONNECTION_CLOSED
[2026-07-08T04:57:48.523Z] [error] Failed to load resource: net::ERR_CONNECTION_CLOSED
[2026-07-08T04:57:48.524Z] [error] Failed to load resource: net::ERR_CONNECTION_CLOSED
[2026-07-08T04:57:48.524Z] [error] Failed to load resource: net::ERR_CONNECTION_CLOSED
[2026-07-08T04:57:48.524Z] [error] Failed to load resource: net::ERR_CONNECTION_CLOSED
[2026-07-08T04:57:48.524Z] [error] Failed to load resource: net::ERR_CONNECTION_CLOSED
[2026-07-08T04:57:48.527Z] [error] Failed to load resource: net::ERR_CONNECTION_CLOSED
[2026-07-08T04:57:48.532Z] [error] Failed to load resource: net::ERR_CONNECTION_CLOSED
[2026-07-08T04:57:48.532Z] [error] Failed to load resource: net::ERR_CONNECTION_CLOSED
[2026-07-08T04:57:48.532Z] [error] Failed to load resource: net::ERR_CONNECTION_CLOSED
[2026-07-08T04:57:48.532Z] [error] Failed to load resource: net::ERR_CONNECTION_CLOSED
[2026-07-08T04:57:48.533Z] [error] Failed to load resource: net::ERR_CONNECTION_CLOSED
[2026-07-08T04:57:49.302Z] [error] Failed to load resource: net::ERR_CONNECTION_CLOSED
[2026-07-08T04:57:49.358Z] [error] Failed to load resource: net::ERR_CONNECTION_CLOSED
[2026-07-08T04:57:49.552Z] [error] Failed to load resource: net::ERR_CONNECTION_CLOSED
[2026-07-08T04:57:49.556Z] [error] Failed to load resource: net::ERR_CONNECTION_CLOSED
[2026-07-08T04:57:49.813Z] [error] Failed to load resource: net::ERR_CONNECTION_CLOSED
[2026-07-08T04:57:51.839Z] [error] Failed to load resource: net::ERR_CONNECTION_CLOSED
[2026-07-08T04:57:51.839Z] [error] Failed to load resource: net::ERR_CONNECTION_CLOSED
[2026-07-08T04:57:51.839Z] [error] Failed to load resource: net::ERR_CONNECTION_CLOSED
[2026-07-08T04:57:51.842Z] [error] Failed to load resource: net::ERR_CONNECTION_CLOSED
[2026-07-08T04:57:52.027Z] [error] Failed to load resource: net::ERR_CONNECTION_CLOSED
[2026-07-08T04:57:52.066Z] [error] Failed to load resource: the server responded with a status of 400 ()
[2026-07-08T04:57:52.813Z] [error] Failed to load resource: net::ERR_CONNECTION_CLOSED
[2026-07-08T04:57:52.813Z] [error] Failed to load resource: net::ERR_CONNECTION_CLOSED
[2026-07-08T04:57:52.813Z] [error] Failed to load resource: net::ERR_CONNECTION_CLOSED
[2026-07-08T04:57:52.813Z] [error] Failed to load resource: net::ERR_CONNECTION_CLOSED
[2026-07-08T04:57:52.820Z] [error] Failed to load resource: net::ERR_CONNECTION_CLOSED
[2026-07-08T04:57:52.820Z] [error] Failed to load resource: net::ERR_CONNECTION_CLOSED
[2026-07-08T04:57:52.823Z] [error] Failed to load resource: net::ERR_CONNECTION_CLOSED
[2026-07-08T04:57:52.928Z] [error] Failed to load resource: net::ERR_CONNECTION_CLOSED
[2026-07-08T04:57:53.062Z] [error] Failed to load resource: net::ERR_CONNECTION_CLOSED
[2026-07-08T04:57:53.069Z] [error] Failed to load resource: net::ERR_CONNECTION_CLOSED
[2026-07-08T04:57:53.073Z] [error] Failed to load resource: net::ERR_CONNECTION_CLOSED
[2026-07-08T04:57:53.078Z] [error] Failed to load resource: net::ERR_CONNECTION_CLOSED
[2026-07-08T04:57:53.081Z] [error] Failed to load resource: net::ERR_CONNECTION_CLOSED
[2026-07-08T04:57:53.702Z] [error] Failed to load resource: net::ERR_CONNECTION_CLOSED
[2026-07-08T04:57:54.049Z] [error] Failed to load resource: net::ERR_CONNECTION_CLOSED
[2026-07-08T04:57:54.049Z] [error] Failed to load resource: net::ERR_CONNECTION_CLOSED
[2026-07-08T04:57:54.049Z] [error] Failed to load resource: net::ERR_CONNECTION_CLOSED
[2026-07-08T04:57:54.049Z] [error] Failed to load resource: net::ERR_CONNECTION_CLOSED
[2026-07-08T04:57:54.049Z] [error] Failed to load resource: net::ERR_CONNECTION_CLOSED
[2026-07-08T04:57:54.644Z] [error] Failed to load resource: net::ERR_CONNECTION_CLOSED
[2026-07-08T04:57:54.886Z] [error] Failed to load resource: the server responded with a status of 404 ()
[2026-07-08T04:57:55.057Z] [error] Failed to load resource: net::ERR_CONNECTION_CLOSED
[2026-07-08T04:57:55.062Z] [error] Failed to load resource: net::ERR_CONNECTION_CLOSED
[2026-07-08T04:57:55.151Z] [error] Failed to load resource: net::ERR_CONNECTION_CLOSED
[2026-07-08T04:57:55.547Z] [error] Failed to load resource: net::ERR_CONNECTION_CLOSED
[2026-07-08T04:57:55.552Z] [error] Failed to load resource: net::ERR_CONNECTION_CLOSED
[2026-07-08T04:57:55.740Z] [error] Failed to load resource: net::ERR_CONNECTION_CLOSED
[2026-07-08T04:57:55.743Z] [error] Failed to load resource: net::ERR_CONNECTION_CLOSED
[2026-07-08T04:57:55.749Z] [error] Failed to load resource: net::ERR_CONNECTION_CLOSED
[2026-07-08T04:57:55.749Z] [error] Failed to load resource: net::ERR_CONNECTION_CLOSED
[2026-07-08T04:57:55.752Z] [error] Failed to load resource: net::ERR_CONNECTION_CLOSED
[2026-07-08T04:57:55.753Z] [error] Failed to load resource: net::ERR_CONNECTION_CLOSED
[2026-07-08T04:57:55.753Z] [error] Failed to load resource: net::ERR_CONNECTION_CLOSED
[2026-07-08T04:57:55.757Z] [error] Failed to load resource: net::ERR_CONNECTION_CLOSED
[2026-07-08T04:57:55.764Z] [error] Failed to load resource: net::ERR_CONNECTION_CLOSED
[2026-07-08T04:57:55.764Z] [error] Failed to load resource: net::ERR_CONNECTION_CLOSED
[2026-07-08T04:57:55.770Z] [error] Failed to load resource: net::ERR_CONNECTION_CLOSED
[2026-07-08T04:57:55.775Z] [error] Failed to load resource: net::ERR_CONNECTION_CLOSED
[2026-07-08T04:57:55.776Z] [error] Failed to load resource: net::ERR_CONNECTION_CLOSED
[2026-07-08T04:57:55.778Z] [error] Failed to load resource: net::ERR_CONNECTION_CLOSED
[2026-07-08T04:57:55.781Z] [error] Failed to load resource: net::ERR_CONNECTION_CLOSED
[2026-07-08T04:57:55.791Z] [error] Failed to load resource: net::ERR_CONNECTION_CLOSED
[2026-07-08T04:57:55.794Z] [error] Failed to load resource: net::ERR_CONNECTION_CLOSED
[2026-07-08T04:57:55.797Z] [error] Failed to load resource: net::ERR_CONNECTION_CLOSED
[2026-07-08T04:57:55.808Z] [error] Failed to load resource: net::ERR_CONNECTION_CLOSED
[2026-07-08T04:57:55.837Z] [error] Failed to load resource: net::ERR_CONNECTION_CLOSED
[2026-07-08T04:57:55.903Z] [error] Failed to load resource: the server responded with a status of 404 ()
[2026-07-08T04:57:56.800Z] [error] Failed to load resource: net::ERR_CONNECTION_CLOSED
[2026-07-08T04:57:56.800Z] [error] Failed to load resource: net::ERR_CONNECTION_CLOSED
[2026-07-08T04:57:56.800Z] [error] Failed to load resource: net::ERR_CONNECTION_CLOSED
[2026-07-08T04:57:56.801Z] [error] Failed to load resource: net::ERR_CONNECTION_CLOSED
[2026-07-08T04:57:57.330Z] [error] Failed to load resource: the server responded with a status of 400 (Bad Request)
[2026-07-08T04:57:57.330Z] [error] Failed to load resource: net::ERR_CONNECTION_CLOSED
[2026-07-08T04:57:57.396Z] [error] Failed to load resource: net::ERR_CONNECTION_CLOSED
[2026-07-08T04:57:57.552Z] [error] Failed to load resource: net::ERR_CONNECTION_CLOSED
[2026-07-08T04:57:58.064Z] [error] Failed to load resource: net::ERR_CONNECTION_CLOSED
[2026-07-08T04:57:58.066Z] [error] Failed to load resource: net::ERR_CONNECTION_CLOSED
[2026-07-08T04:57:58.066Z] [error] Failed to load resource: net::ERR_CONNECTION_CLOSED
[2026-07-08T04:57:58.184Z] [error] Failed to load resource: the server responded with a status of 404 ()
[2026-07-08T04:57:58.344Z] [error] Failed to load resource: net::ERR_CONNECTION_CLOSED
[2026-07-08T04:58:20.585Z] [error] Failed to load resource: net::ERR_CONNECTION_CLOSED
[2026-07-08T04:58:21.754Z] [error] Failed to load resource: net::ERR_CONNECTION_CLOSED
[2026-07-08T04:58:21.755Z] [error] Failed to load resource: net::ERR_CONNECTION_CLOSED
[2026-07-08T04:58:22.498Z] [log] %craven%c Raven v1.20.0-69wxiu background-color:#000;margin-left:1px;padding:1px 3px;font-size:0.75em;color:#ffffff; font-size:0.9em;
[2026-07-08T04:58:22.502Z] [error] Failed to load resource: net::ERR_CONNECTION_CLOSED
[2026-07-08T04:58:22.505Z] [error] Failed to load resource: net::ERR_CONNECTION_CLOSED
[2026-07-08T04:58:22.777Z] [error] Failed to load resource: net::ERR_CONNECTION_CLOSED
[2026-07-08T04:58:23.287Z] [error] Failed to load resource: net::ERR_CONNECTION_CLOSED
[2026-07-08T04:58:23.287Z] [error] Failed to load resource: net::ERR_CONNECTION_CLOSED
[2026-07-08T04:58:23.287Z] [error] Failed to load resource: net::ERR_CONNECTION_CLOSED
[2026-07-08T04:58:23.289Z] [error] Failed to load resource: net::ERR_CONNECTION_CLOSED
[2026-07-08T04:58:24.249Z] [error] Failed to load resource: net::ERR_CONNECTION_CLOSED
[2026-07-08T04:58:26.273Z] [error] Failed to load resource: net::ERR_CONNECTION_CLOSED
[2026-07-08T04:58:28.266Z] [error] Failed to load resource: net::ERR_CONNECTION_CLOSED
[2026-07-08T04:58:28.266Z] [error] Failed to load resource: net::ERR_CONNECTION_CLOSED
[2026-07-08T04:58:28.274Z] [error] Failed to load resource: net::ERR_CONNECTION_CLOSED
[2026-07-08T04:58:28.274Z] [error] Failed to load resource: net::ERR_CONNECTION_CLOSED
[2026-07-08T04:58:28.513Z] [error] Failed to load resource: the server responded with a status of 400 ()
[2026-07-08T04:58:29.088Z] [error] Failed to load resource: net::ERR_CONNECTION_CLOSED
[2026-07-08T04:58:29.264Z] [error] Failed to load resource: net::ERR_CONNECTION_CLOSED
[2026-07-08T04:58:29.264Z] [error] Failed to load resource: net::ERR_CONNECTION_CLOSED
[2026-07-08T04:58:29.264Z] [error] Failed to load resource: net::ERR_CONNECTION_CLOSED
[2026-07-08T04:58:29.264Z] [error] Failed to load resource: net::ERR_CONNECTION_CLOSED
[2026-07-08T04:58:29.273Z] [error] Failed to load resource: net::ERR_CONNECTION_CLOSED
[2026-07-08T04:58:29.273Z] [error] Failed to load resource: net::ERR_CONNECTION_CLOSED
[2026-07-08T04:58:29.273Z] [error] Failed to load resource: net::ERR_CONNECTION_CLOSED
[2026-07-08T04:58:29.361Z] [error] Failed to load resource: net::ERR_CONNECTION_CLOSED
[2026-07-08T04:58:29.535Z] [error] Failed to load resource: net::ERR_CONNECTION_CLOSED
[2026-07-08T04:58:29.687Z] [error] Failed to load resource: net::ERR_CONNECTION_CLOSED
[2026-07-08T04:58:29.729Z] [error] Failed to load resource: net::ERR_CONNECTION_CLOSED
[2026-07-08T04:58:29.729Z] [error] Failed to load resource: net::ERR_CONNECTION_CLOSED
[2026-07-08T04:58:29.729Z] [error] Failed to load resource: net::ERR_CONNECTION_CLOSED
[2026-07-08T04:58:30.501Z] [error] Failed to load resource: net::ERR_CONNECTION_CLOSED
[2026-07-08T04:58:30.501Z] [error] Failed to load resource: net::ERR_CONNECTION_CLOSED
[2026-07-08T04:58:30.505Z] [error] Failed to load resource: net::ERR_CONNECTION_CLOSED
[2026-07-08T04:58:30.506Z] [error] Failed to load resource: net::ERR_CONNECTION_CLOSED
[2026-07-08T04:58:30.506Z] [error] Failed to load resource: net::ERR_CONNECTION_CLOSED
[2026-07-08T04:58:30.894Z] [error] Failed to load resource: net::ERR_CONNECTION_CLOSED
[2026-07-08T04:58:31.084Z] [error] Failed to load resource: the server responded with a status of 404 ()
[2026-07-08T04:58:31.507Z] [error] Failed to load resource: net::ERR_CONNECTION_CLOSED
[2026-07-08T04:58:31.507Z] [error] Failed to load resource: net::ERR_CONNECTION_CLOSED
[2026-07-08T04:58:31.512Z] [error] Failed to load resource: net::ERR_CONNECTION_CLOSED
[2026-07-08T04:58:32.350Z] [error] Failed to load resource: the server responded with a status of 400 ()
[2026-07-08T04:58:32.676Z] [error] Failed to load resource: net::ERR_CONNECTION_CLOSED
[2026-07-08T04:58:34.504Z] [error] Failed to load resource: net::ERR_CONNECTION_CLOSED
[2026-07-08T04:58:34.504Z] [error] Failed to load resource: net::ERR_CONNECTION_CLOSED
